Arguments: 
  /usr/bin/node /usr/local/bin/yarn

PATH: 
  /home/diego/.zinit/polaris/sbin:/home/diego/.zinit/polaris/bin:/usr/local/sbin:/usr/local/bin:/usr/sbin:/usr/bin:/sbin:/bin:/usr/games:/usr/local/games:/snap/bin

Yarn version: 
  1.22.4

Node version: 
  10.19.0

Platform: 
  linux x64

Trace: 
  Error: getaddrinfo EAI_AGAIN registry.yarnpkg.com registry.yarnpkg.com:443
      at GetAddrInfoReqWrap.onlookup [as oncomplete] (dns.js:56:26)

npm manifest: 
  {
    "name": "nodeJS",
    "version": "1.0.0",
    "main": "index.js",
    "license": "MIT",
    "scripts": {
      "build": "tsc",
      "dev:server": "ts-node-dev --inspect --transpile-only --ignore-watch node-modules src/server.ts",
      "typeorm": "ts-node-dev ./node_modules/typeorm/cli.js"
    },
    "dependencies": {
      "date-fns": "^2.14.0",
      "express": "^4.17.1",
      "pg": "^8.3.0",
      "typeorm": "^0.2.25",
      "uuidv4": "^6.1.1"
    },
    "devDependencies": {
      "@types/express": "^4.17.7",
      "@typescript-eslint/eslint-plugin": "^3.6.1",
      "@typescript-eslint/parser": "^3.6.1",
      "eslint": "6.8.0",
      "eslint-config-airbnb-base": "^14.2.0",
      "eslint-config-prettier": "^6.11.0",
      "eslint-import-resolver-typescript": "^2.0.0",
      "eslint-plugin-import": "^2.21.2",
      "eslint-plugin-prettier": "^3.1.4",
      "prettier": "^2.0.5",
      "ts-node-dev": "^1.0.0-pre.51",
      "typescript": "^3.9.6"
    }
  }

yarn manifest: 
  No manifest

Lockfile: 
  No lockfile
